<?xml version="1.0" encoding="UTF-8"?>
<testsuite name="com.ebay.assignment.calculator.api.integration.CalculatorControllerTest" tests="1" skipped="0" failures="0" errors="0" timestamp="2024-09-21T22:30:45" hostname="Annas-MacBook-Pro.local" time="0.075">
  <properties/>
  <testcase name="getHello()" classname="com.ebay.assignment.calculator.api.integration.CalculatorControllerTest" time="0.075"/>
  <system-out><![CDATA[2024-09-21T15:30:44.922-07:00  INFO 10806 --- [calculator] [    Test worker] t.c.s.AnnotationConfigContextLoaderUtils : Could not detect default configuration classes for test class [com.ebay.assignment.calculator.api.integration.CalculatorControllerTest]: CalculatorControllerTest does not declare any static, non-private, non-final, nested classes annotated with @Configuration.
2024-09-21T15:30:44.925-07:00  INFO 10806 --- [calculator] [    Test worker] .b.t.c.SpringBootTestContextBootstrapper : Found @SpringBootConfiguration com.ebay.assignment.calculator.CalculatorApplication for test class com.ebay.assignment.calculator.api.integration.CalculatorControllerTest

  .   ____          _            __ _ _
 /\\ / ___'_ __ _ _(_)_ __  __ _ \ \ \ \
( ( )\___ | '_ | '_| | '_ \/ _` | \ \ \ \
 \\/  ___)| |_)| | | | | || (_| |  ) ) ) )
  '  |____| .__|_| |_|_| |_\__, | / / / /
 =========|_|==============|___/=/_/_/_/

 :: Spring Boot ::                (v3.3.4)

2024-09-21T15:30:44.943-07:00  INFO 10806 --- [calculator] [    Test worker] c.e.a.c.a.i.CalculatorControllerTest     : Starting CalculatorControllerTest using Java 21.0.4 with PID 10806 (started by apitaev in /Users/apitaev/development/calculator)
2024-09-21T15:30:44.943-07:00  INFO 10806 --- [calculator] [    Test worker] c.e.a.c.a.i.CalculatorControllerTest     : No active profile set, falling back to 1 default profile: "default"
2024-09-21T15:30:45.089-07:00  INFO 10806 --- [calculator] [    Test worker] o.s.b.w.embedded.tomcat.TomcatWebServer  : Tomcat initialized with port 0 (http)
2024-09-21T15:30:45.098-07:00  INFO 10806 --- [calculator] [    Test worker] o.apache.catalina.core.StandardService   : Starting service [Tomcat]
2024-09-21T15:30:45.098-07:00  INFO 10806 --- [calculator] [    Test worker] o.apache.catalina.core.StandardEngine    : Starting Servlet engine: [Apache Tomcat/10.1.30]
2024-09-21T15:30:45.122-07:00  INFO 10806 --- [calculator] [    Test worker] o.a.c.c.C.[Tomcat].[localhost].[/]       : Initializing Spring embedded WebApplicationContext
2024-09-21T15:30:45.122-07:00  INFO 10806 --- [calculator] [    Test worker] w.s.c.ServletWebServerApplicationContext : Root WebApplicationContext: initialization completed in 178 ms
2024-09-21T15:30:45.179-07:00  INFO 10806 --- [calculator] [    Test worker] o.s.b.a.e.web.EndpointLinksResolver      : Exposing 1 endpoint beneath base path '/actuator'
2024-09-21T15:30:45.199-07:00  INFO 10806 --- [calculator] [    Test worker] o.s.b.w.embedded.tomcat.TomcatWebServer  : Tomcat started on port 50409 (http) with context path '/'
2024-09-21T15:30:45.202-07:00  INFO 10806 --- [calculator] [    Test worker] c.e.a.c.a.i.CalculatorControllerTest     : Started CalculatorControllerTest in 0.274 seconds (process running for 2.36)
2024-09-21T15:30:45.252-07:00  INFO 10806 --- [calculator] [o-auto-1-exec-1] o.a.c.c.C.[Tomcat].[localhost].[/]       : Initializing Spring DispatcherServlet 'dispatcherServlet'
2024-09-21T15:30:45.253-07:00  INFO 10806 --- [calculator] [o-auto-1-exec-1] o.s.web.servlet.DispatcherServlet        : Initializing Servlet 'dispatcherServlet'
2024-09-21T15:30:45.253-07:00  INFO 10806 --- [calculator] [o-auto-1-exec-1] o.s.web.servlet.DispatcherServlet        : Completed initialization in 0 ms
]]></system-out>
  <system-err><![CDATA[]]></system-err>
</testsuite>
