<?xml version="1.0" encoding="UTF-8"?>
<testsuite name="com.ebay.assignment.calculator.api.CalculatorControllerTest" tests="1" skipped="0" failures="0" errors="0" timestamp="2024-09-21T22:30:44" hostname="Annas-MacBook-Pro.local" time="0.037">
  <properties/>
  <testcase name="getHello()" classname="com.ebay.assignment.calculator.api.CalculatorControllerTest" time="0.037"/>
  <system-out><![CDATA[2024-09-21T15:30:44.685-07:00  INFO 10806 --- [calculator] [    Test worker] t.c.s.AnnotationConfigContextLoaderUtils : Could not detect default configuration classes for test class [com.ebay.assignment.calculator.api.CalculatorControllerTest]: CalculatorControllerTest does not declare any static, non-private, non-final, nested classes annotated with @Configuration.
2024-09-21T15:30:44.693-07:00  INFO 10806 --- [calculator] [    Test worker] .b.t.c.SpringBootTestContextBootstrapper : Found @SpringBootConfiguration com.ebay.assignment.calculator.CalculatorApplication for test class com.ebay.assignment.calculator.api.CalculatorControllerTest

  .   ____          _            __ _ _
 /\\ / ___'_ __ _ _(_)_ __  __ _ \ \ \ \
( ( )\___ | '_ | '_| | '_ \/ _` | \ \ \ \
 \\/  ___)| |_)| | | | | || (_| |  ) ) ) )
  '  |____| .__|_| |_|_| |_\__, | / / / /
 =========|_|==============|___/=/_/_/_/

 :: Spring Boot ::                (v3.3.4)

2024-09-21T15:30:44.705-07:00  INFO 10806 --- [calculator] [    Test worker] c.e.a.c.api.CalculatorControllerTest     : Starting CalculatorControllerTest using Java 21.0.4 with PID 10806 (started by apitaev in /Users/apitaev/development/calculator)
2024-09-21T15:30:44.706-07:00  INFO 10806 --- [calculator] [    Test worker] c.e.a.c.api.CalculatorControllerTest     : No active profile set, falling back to 1 default profile: "default"
2024-09-21T15:30:44.869-07:00  INFO 10806 --- [calculator] [    Test worker] o.s.b.t.m.w.SpringBootMockServletContext : Initializing Spring TestDispatcherServlet ''
2024-09-21T15:30:44.870-07:00  INFO 10806 --- [calculator] [    Test worker] o.s.t.web.servlet.TestDispatcherServlet  : Initializing Servlet ''
2024-09-21T15:30:44.872-07:00  INFO 10806 --- [calculator] [    Test worker] o.s.b.a.e.web.EndpointLinksResolver      : Exposing 1 endpoint beneath base path '/actuator'
2024-09-21T15:30:44.873-07:00  INFO 10806 --- [calculator] [    Test worker] o.s.t.web.servlet.TestDispatcherServlet  : Completed initialization in 3 ms
2024-09-21T15:30:44.882-07:00  INFO 10806 --- [calculator] [    Test worker] c.e.a.c.api.CalculatorControllerTest     : Started CalculatorControllerTest in 0.187 seconds (process running for 2.039)
]]></system-out>
  <system-err><![CDATA[]]></system-err>
</testsuite>
