<?xml version="1.0" encoding="UTF-8"?>
<testsuite name="com.ebay.assignment.calculator.CalculatorApplicationTests" tests="1" skipped="0" failures="0" errors="0" timestamp="2024-09-21T22:30:44" hostname="Annas-MacBook-Pro.local" time="0.422">
  <properties/>
  <testcase name="contextLoads()" classname="com.ebay.assignment.calculator.CalculatorApplicationTests" time="0.422"/>
  <system-out><![CDATA[15:30:43.234 [Test worker] INFO org.springframework.test.context.support.AnnotationConfigContextLoaderUtils -- Could not detect default configuration classes for test class [com.ebay.assignment.calculator.CalculatorApplicationTests]: CalculatorApplicationTests does not declare any static, non-private, non-final, nested classes annotated with @Configuration.
15:30:43.276 [Test worker] INFO org.springframework.boot.test.context.SpringBootTestContextBootstrapper -- Found @SpringBootConfiguration com.ebay.assignment.calculator.CalculatorApplication for test class com.ebay.assignment.calculator.CalculatorApplicationTests

  .   ____          _            __ _ _
 /\\ / ___'_ __ _ _(_)_ __  __ _ \ \ \ \
( ( )\___ | '_ | '_| | '_ \/ _` | \ \ \ \
 \\/  ___)| |_)| | | | | || (_| |  ) ) ) )
  '  |____| .__|_| |_|_| |_\__, | / / / /
 =========|_|==============|___/=/_/_/_/

 :: Spring Boot ::                (v3.3.4)

2024-09-21T15:30:43.452-07:00  INFO 10806 --- [calculator] [    Test worker] c.e.a.c.CalculatorApplicationTests       : Starting CalculatorApplicationTests using Java 21.0.4 with PID 10806 (started by apitaev in /Users/apitaev/development/calculator)
2024-09-21T15:30:43.452-07:00  INFO 10806 --- [calculator] [    Test worker] c.e.a.c.CalculatorApplicationTests       : No active profile set, falling back to 1 default profile: "default"
2024-09-21T15:30:44.166-07:00  INFO 10806 --- [calculator] [    Test worker] o.s.b.a.e.web.EndpointLinksResolver      : Exposing 1 endpoint beneath base path '/actuator'
2024-09-21T15:30:44.202-07:00  INFO 10806 --- [calculator] [    Test worker] c.e.a.c.CalculatorApplicationTests       : Started CalculatorApplicationTests in 0.867 seconds (process running for 1.36)
]]></system-out>
  <system-err><![CDATA[WARNING: A Java agent has been loaded dynamically (/Users/apitaev/.gradle/caches/modules-2/files-2.1/net.bytebuddy/byte-buddy-agent/1.14.19/154da3a65b4f4a909d3e5bdec55d1b2b4cbb6ce1/byte-buddy-agent-1.14.19.jar)
WARNING: If a serviceability tool is in use, please run with -XX:+EnableDynamicAgentLoading to hide this warning
WARNING: If a serviceability tool is not in use, please run with -Djdk.instrument.traceUsage for more information
WARNING: Dynamic loading of agents will be disallowed by default in a future release
]]></system-err>
</testsuite>
