<?xml version="1.0" encoding="UTF-8"?>
<testsuite name="com.ebay.assignment.calculator.service.IntegerCalculatorServiceTest" tests="11" skipped="0" failures="0" errors="0" timestamp="2024-09-21T22:30:45" hostname="Annas-MacBook-Pro.local" time="0.019">
  <properties/>
  <testcase name="testCalculateWithMultiplyOperation()" classname="com.ebay.assignment.calculator.service.IntegerCalculatorServiceTest" time="0.003"/>
  <testcase name="testCalculateWithOperationTypeNull()" classname="com.ebay.assignment.calculator.service.IntegerCalculatorServiceTest" time="0.001"/>
  <testcase name="testCalculateWithDivideOperationAndZeroDivisor()" classname="com.ebay.assignment.calculator.service.IntegerCalculatorServiceTest" time="0.001"/>
  <testcase name="testCalculateWithDivideOperation()" classname="com.ebay.assignment.calculator.service.IntegerCalculatorServiceTest" time="0.0"/>
  <testcase name="testCalculateWithSubtractOperation()" classname="com.ebay.assignment.calculator.service.IntegerCalculatorServiceTest" time="0.001"/>
  <testcase name="testCalculateWithFirstArgumentNull()" classname="com.ebay.assignment.calculator.service.IntegerCalculatorServiceTest" time="0.001"/>
  <testcase name="testCalculateWithNullArguments()" classname="com.ebay.assignment.calculator.service.IntegerCalculatorServiceTest" time="0.001"/>
  <testcase name="testCalculateWithMultiplyOperationAndIntegerOverflow()" classname="com.ebay.assignment.calculator.service.IntegerCalculatorServiceTest" time="0.001"/>
  <testcase name="testCalculateWithAddOperation()" classname="com.ebay.assignment.calculator.service.IntegerCalculatorServiceTest" time="0.001"/>
  <testcase name="testCalculateWithSecondArgumentNull()" classname="com.ebay.assignment.calculator.service.IntegerCalculatorServiceTest" time="0.001"/>
  <testcase name="testCalculateWithAddOperationAndIntegerOverflow()" classname="com.ebay.assignment.calculator.service.IntegerCalculatorServiceTest" time="0.001"/>
  <system-out><![CDATA[2024-09-21T15:30:45.281-07:00  INFO 10806 --- [calculator] [    Test worker] t.c.s.AnnotationConfigContextLoaderUtils : Could not detect default configuration classes for test class [com.ebay.assignment.calculator.service.IntegerCalculatorServiceTest]: IntegerCalculatorServiceTest does not declare any static, non-private, non-final, nested classes annotated with @Configuration.
2024-09-21T15:30:45.284-07:00  INFO 10806 --- [calculator] [    Test worker] .b.t.c.SpringBootTestContextBootstrapper : Found @SpringBootConfiguration com.ebay.assignment.calculator.CalculatorApplication for test class com.ebay.assignment.calculator.service.IntegerCalculatorServiceTest
]]></system-out>
  <system-err><![CDATA[]]></system-err>
</testsuite>
